<?xml version="1.0" encoding="UTF-8"?>
<testng-results ignored="0" total="3" passed="3" failed="0" skipped="0">
  <reporter-output>
  </reporter-output>
  <suite started-at="2025-01-28T22:40:41 IST" name="Default suite" finished-at="2025-01-28T22:40:41 IST" duration-ms="60">
    <groups>
    </groups>
    <test started-at="2025-01-28T22:40:41 IST" name="Default test" finished-at="2025-01-28T22:40:41 IST" duration-ms="60">
      <class name="demo.TestNGDemo">
        <test-method signature="kk()[pri:0, instance:demo.TestNGDemo@a38c7fe]" started-at="2025-01-28T22:40:41 IST" name="kk" finished-at="2025-01-28T22:40:41 IST" duration-ms="8" status="PASS">
          <reporter-output>
          </reporter-output>
        </test-method> <!-- kk -->
        <test-method signature="login()[pri:0, instance:demo.TestNGDemo@a38c7fe]" started-at="2025-01-28T22:40:41 IST" name="login" finished-at="2025-01-28T22:40:41 IST" duration-ms="1" status="PASS">
          <reporter-output>
          </reporter-output>
        </test-method> <!-- login -->
        <test-method signature="open()[pri:0, instance:demo.TestNGDemo@a38c7fe]" started-at="2025-01-28T22:40:41 IST" name="open" finished-at="2025-01-28T22:40:41 IST" duration-ms="1" status="PASS">
          <reporter-output>
          </reporter-output>
        </test-method> <!-- open -->
      </class> <!-- demo.TestNGDemo -->
    </test> <!-- Default test -->
  </suite> <!-- Default suite -->
</testng-results>
